#
# There is insufficient memory for the Java Runtime Environment to continue.
# Native memory allocation (malloc) failed to allocate 1048096 bytes for Chunk::new
# Possible reasons:
#   The system is out of physical RAM or swap space
#   The process is running with CompressedOops enabled, and the Java Heap may be blocking the growth of the native heap
# Possible solutions:
#   Reduce memory load on the system
#   Increase physical memory or swap space
#   Check if swap backing store is full
#   Decrease Java heap size (-Xmx/-Xms)
#   Decrease number of Java threads
#   Decrease Java thread stack sizes (-Xss)
#   Set larger code cache with -XX:ReservedCodeCacheSize=
#   JVM is running with Unscaled Compressed Oops mode in which the Java heap is
#     placed in the first 4GB address space. The Java Heap base address is the
#     maximum limit for the native heap growth. Please use -XX:HeapBaseMinAddress
#     to set the Java Heap base and to place the Java Heap above 4GB virtual address.
# This output file may be truncated or incomplete.
#
#  Out of Memory Error (allocation.cpp:389), pid=3276, tid=0x00000000000016cc
#
# JRE version: OpenJDK Runtime Environment (8.0_212-b04) (build 1.8.0_212-release-1586-b04)
# Java VM: OpenJDK 64-Bit Server VM (25.212-b04 mixed mode windows-amd64 compressed oops)
# Failed to write core dump. Minidumps are not enabled by default on client versions of Windows
#

---------------  T H R E A D  ---------------

Current thread (0x0000000019da4800):  JavaThread "C2 CompilerThread0" daemon [_thread_in_native, id=5836, stack(0x000000001a680000,0x000000001a780000)]

Stack: [0x000000001a680000,0x000000001a780000]
[error occurred during error reporting (printing stack bounds), id 0xc0000005]

Native frames: (J=compiled Java code, j=interpreted, Vv=VM code, C=native code)


Current CompileTask:
C2:  34839 11440       4       com.android.tools.r8.dex.j::f (704 bytes)


---------------  P R O C E S S  ---------------

Java Threads: ( => current thread )
  0x000000002764b000 JavaThread "ForkJoinPool-2-worker-0" daemon [_thread_blocked, id=1784, stack(0x000000002a340000,0x000000002a440000)]
  0x000000002764a000 JavaThread "ForkJoinPool-2-worker-7" daemon [_thread_blocked, id=10160, stack(0x000000002a240000,0x000000002a340000)]
  0x0000000027648800 JavaThread "ForkJoinPool-2-worker-6" daemon [_thread_blocked, id=13124, stack(0x000000002a140000,0x000000002a240000)]
  0x000000001ba2a800 JavaThread "ForkJoinPool-2-worker-5" daemon [_thread_blocked, id=8032, stack(0x000000002a040000,0x000000002a140000)]
  0x000000001ba2a000 JavaThread "ForkJoinPool-2-worker-4" daemon [_thread_in_Java, id=6704, stack(0x0000000029f40000,0x000000002a040000)]
  0x000000001ba2d000 JavaThread "ForkJoinPool-2-worker-3" daemon [_thread_blocked, id=6160, stack(0x0000000029e40000,0x0000000029f40000)]
  0x000000001ba2c000 JavaThread "ForkJoinPool-2-worker-2" daemon [_thread_blocked, id=5504, stack(0x0000000029d40000,0x0000000029e40000)]
  0x000000001ba2f000 JavaThread "ForkJoinPool-2-worker-1" daemon [_thread_in_Java, id=2592, stack(0x0000000029b30000,0x0000000029c30000)]
  0x000000001ba2e800 JavaThread "WorkerExecutor Queue Thread 9" [_thread_blocked, id=6472, stack(0x0000000029330000,0x0000000029430000)]
  0x000000001ba21800 JavaThread "WorkerExecutor Queue Thread 8" [_thread_in_native, id=3428, stack(0x0000000029230000,0x0000000029330000)]
  0x000000001ba27800 JavaThread "WorkerExecutor Queue Thread 7" [_thread_in_vm, id=2392, stack(0x0000000029130000,0x0000000029230000)]
  0x000000001ba28800 JavaThread "WorkerExecutor Queue Thread 6" [_thread_in_Java, id=1876, stack(0x0000000029030000,0x0000000029130000)]
  0x000000001ba27000 JavaThread "WorkerExecutor Queue Thread 5" [_thread_in_native, id=1064, stack(0x0000000028f30000,0x0000000029030000)]
  0x000000001ba26000 JavaThread "WorkerExecutor Queue Thread 4" [_thread_in_vm, id=1132, stack(0x0000000028e30000,0x0000000028f30000)]
  0x000000001ba25800 JavaThread "WorkerExecutor Queue Thread 3" [_thread_in_vm, id=924, stack(0x0000000028d30000,0x0000000028e30000)]
  0x000000001ba22800 JavaThread "WorkerExecutor Queue Thread 2" [_thread_blocked, id=9288, stack(0x0000000028c30000,0x0000000028d30000)]
  0x000000001ba21000 JavaThread "WorkerExecutor Queue" [_thread_blocked, id=8592, stack(0x00000000286a0000,0x00000000287a0000)]
  0x000000001ba24000 JavaThread "Cache worker for execution history cache (C:\Users\User\SchoolBattle\.gradle\5.6.4\executionHistory)" [_thread_blocked, id=1224, stack(0x0000000026fa0000,0x00000000270a0000)]
  0x000000001ba23000 JavaThread "Execution worker for ':' Thread 7" [_thread_blocked, id=5320, stack(0x0000000026ea0000,0x0000000026fa0000)]
  0x000000001f17e000 JavaThread "Execution worker for ':' Thread 6" [_thread_blocked, id=9952, stack(0x0000000026da0000,0x0000000026ea0000)]
  0x000000001f181800 JavaThread "Execution worker for ':' Thread 5" [_thread_blocked, id=7448, stack(0x0000000026ca0000,0x0000000026da0000)]
  0x000000001f181000 JavaThread "Execution worker for ':' Thread 4" [_thread_blocked, id=10944, stack(0x0000000026ba0000,0x0000000026ca0000)]
  0x000000001f17f800 JavaThread "Execution worker for ':' Thread 3" [_thread_blocked, id=5872, stack(0x0000000026aa0000,0x0000000026ba0000)]
  0x000000001f17d000 JavaThread "Execution worker for ':' Thread 2" [_thread_blocked, id=8936, stack(0x00000000269a0000,0x0000000026aa0000)]
  0x000000001f17c800 JavaThread "Execution worker for ':'" [_thread_blocked, id=260, stack(0x00000000268a0000,0x00000000269a0000)]
  0x000000001f180000 JavaThread "Cache worker for file content cache (C:\Users\User\SchoolBattle\.gradle\5.6.4\fileContent)" [_thread_blocked, id=8932, stack(0x00000000260d0000,0x00000000261d0000)]
  0x000000001f17b800 JavaThread "Cache worker for file content cache (C:\Users\User\.gradle\caches\5.6.4\fileContent)" [_thread_blocked, id=11036, stack(0x0000000025ce0000,0x0000000025de0000)]
  0x000000001f174000 JavaThread "Memory manager" [_thread_blocked, id=3628, stack(0x00000000253c0000,0x00000000254c0000)]
  0x000000001f173000 JavaThread "Cache worker for Build Output Cleanup Cache (C:\Users\User\SchoolBattle\.gradle\buildOutputCleanup)" [_thread_blocked, id=3620, stack(0x00000000250c0000,0x00000000251c0000)]
  0x000000001f17a000 JavaThread "Build operations Thread 8" [_thread_blocked, id=6836, stack(0x00000000249c0000,0x0000000024ac0000)]
  0x000000001f175800 JavaThread "Build operations Thread 7" [_thread_blocked, id=12588, stack(0x00000000248c0000,0x00000000249c0000)]
  0x000000001f174800 JavaThread "Build operations Thread 6" [_thread_blocked, id=8252, stack(0x00000000247c0000,0x00000000248c0000)]
  0x000000001f179800 JavaThread "Build operations Thread 5" [_thread_blocked, id=7076, stack(0x00000000246c0000,0x00000000247c0000)]
  0x000000001f172800 JavaThread "Build operations Thread 4" [_thread_blocked, id=6480, stack(0x0000000024340000,0x0000000024440000)]
  0x000000001f178800 JavaThread "Build operations Thread 3" [_thread_blocked, id=4700, stack(0x0000000024240000,0x0000000024340000)]
  0x000000001f178000 JavaThread "Build operations Thread 2" [_thread_blocked, id=3640, stack(0x0000000024140000,0x0000000024240000)]
  0x000000001f177000 JavaThread "Build operations" [_thread_blocked, id=1532, stack(0x0000000022690000,0x0000000022790000)]
  0x000000001f176000 JavaThread "Cache worker for execution history cache (C:\Users\User\.gradle\caches\5.6.4\executionHistory)" [_thread_blocked, id=6312, stack(0x0000000023e40000,0x0000000023f40000)]
  0x000000001b194000 JavaThread "Cache worker for cache directory md-rule (C:\Users\User\.gradle\caches\5.6.4\md-rule)" [_thread_blocked, id=9040, stack(0x00000000212f0000,0x00000000213f0000)]
  0x000000001b192800 JavaThread "Cache worker for cache directory md-supplier (C:\Users\User\.gradle\caches\5.6.4\md-supplier)" [_thread_blocked, id=9776, stack(0x0000000021050000,0x0000000021150000)]
  0x000000001b190000 JavaThread "Cache worker for file hash cache (C:\Users\User\SchoolBattle\.gradle\5.6.4\fileHashes)" [_thread_blocked, id=9316, stack(0x00000000211f0000,0x00000000212f0000)]
  0x000000001b193000 JavaThread "Cache worker for journal cache (C:\Users\User\.gradle\caches\journal-1)" [_thread_blocked, id=5116, stack(0x000000001ebb0000,0x000000001ecb0000)]
  0x000000001b18e800 JavaThread "File lock request listener" [_thread_in_native, id=12664, stack(0x000000001eab0000,0x000000001ebb0000)]
  0x000000001bb28000 JavaThread "Cache worker for file hash cache (C:\Users\User\.gradle\caches\5.6.4\fileHashes)" [_thread_blocked, id=7452, stack(0x000000001e9b0000,0x000000001eab0000)]
  0x000000001b6a7000 JavaThread "Thread-9" [_thread_blocked, id=3052, stack(0x000000001e6b0000,0x000000001e7b0000)]
  0x000000001b300000 JavaThread "Stdin handler" [_thread_blocked, id=2388, stack(0x000000001e5b0000,0x000000001e6b0000)]
  0x000000001b301800 JavaThread "Asynchronous log dispatcher for DefaultDaemonConnection: socket connection from /127.0.0.1:51054 to /127.0.0.1:51055" [_thread_blocked, id=12752, stack(0x000000001e3b0000,0x000000001e4b0000)]
  0x000000001b1a3000 JavaThread "Daemon worker" [_thread_blocked, id=2464, stack(0x000000001e2b0000,0x000000001e3b0000)]
  0x000000001bb09800 JavaThread "Cancel handler" [_thread_blocked, id=9380, stack(0x000000001e1b0000,0x000000001e2b0000)]
  0x000000001b27b800 JavaThread "Handler for socket connection from /127.0.0.1:51054 to /127.0.0.1:51055" [_thread_in_native, id=12068, stack(0x000000001deb0000,0x000000001dfb0000)]
  0x000000001b27d800 JavaThread "Daemon" [_thread_blocked, id=7188, stack(0x000000001ddb0000,0x000000001deb0000)]
  0x000000001babf800 JavaThread "Daemon periodic checks" [_thread_blocked, id=10516, stack(0x000000001dcb0000,0x000000001ddb0000)]
  0x000000001bc95800 JavaThread "Incoming local TCP Connector on port 51054" [_thread_in_native, id=4160, stack(0x000000001da60000,0x000000001db60000)]
  0x000000001c6af800 JavaThread "Daemon health stats" [_thread_blocked, id=8328, stack(0x000000001d420000,0x000000001d520000)]
  0x0000000019e39800 JavaThread "Service Thread" daemon [_thread_blocked, id=2196, stack(0x000000001aa80000,0x000000001ab80000)]
  0x0000000019db3800 JavaThread "C1 CompilerThread3" daemon [_thread_in_native, id=12116, stack(0x000000001a980000,0x000000001aa80000)]
  0x0000000019db0800 JavaThread "C2 CompilerThread2" daemon [_thread_in_native, id=8268, stack(0x000000001a880000,0x000000001a980000)]
  0x0000000019da7800 JavaThread "C2 CompilerThread1" daemon [_thread_in_native, id=7416, stack(0x000000001a780000,0x000000001a880000)]
=>0x0000000019da4800 JavaThread "C2 CompilerThread0" daemon [_thread_in_native, id=5836, stack(0x000000001a680000,0x000000001a780000)]
  0x0000000019d9f000 JavaThread "Attach Listener" daemon [_thread_blocked, id=7192, stack(0x000000001a580000,0x000000001a680000)]
  0x0000000019d9e000 JavaThread "Signal Dispatcher" daemon [_thread_blocked, id=6208, stack(0x000000001a480000,0x000000001a580000)]
  0x0000000002f09000 JavaThread "Finalizer" daemon [_thread_blocked, id=12104, stack(0x000000001a270000,0x000000001a370000)]
  0x0000000019d90800 JavaThread "Reference Handler" daemon [_thread_blocked, id=8036, stack(0x000000001a170000,0x000000001a270000)]
  0x0000000002e13000 JavaThread "main" [_thread_blocked, id=12260, stack(0x0000000002d10000,0x0000000002e10000)]

Other Threads:
  0x0000000017f76000 VMThread [stack: 0x0000000019c70000,0x0000000019d70000] [id=10612]
  0x0000000019e3a800 WatcherThread [stack: 0x000000001ab80000,0x000000001ac80000] [id=5948]

VM state:not at safepoint (normal execution)

VM Mutex/Monitor currently owned by a thread: None

heap address: 0x0000000080000000, size: 2048 MB, Compressed Oops mode: 32-bit
Narrow klass base: 0x0000000000000000, Narrow klass shift: 3
Compressed class space size: 1073741824 Address: 0x0000000100000000

Heap:
 PSYoungGen      total 257024K, used 175734K [0x00000000d5580000, 0x00000000ed900000, 0x0000000100000000)
  eden space 227328K, 77% used [0x00000000d5580000,0x00000000e0153ba0,0x00000000e3380000)
  from space 29696K, 0% used [0x00000000e3380000,0x00000000e3380000,0x00000000e5080000)
  to   space 57344K, 0% used [0x00000000ea100000,0x00000000ea100000,0x00000000ed900000)
 ParOldGen       total 128512K, used 126370K [0x0000000080000000, 0x0000000087d80000, 0x00000000d5580000)
  object space 128512K, 98% used [0x0000000080000000,0x0000000087b68850,0x0000000087d80000)
 Metaspace       used 76351K, capacity 79404K, committed 81024K, reserved 1118208K
  class space    used 10410K, capacity 11026K, committed 11392K, reserved 1048576K

Card table byte_map: [0x00000000122d0000,0x00000000126e0000] byte_map_base: 0x0000000011ed0000

Marking Bits: (ParMarkBitMap*) 0x0000000062ca9f30
 Begin Bits: [0x0000000013190000, 0x0000000015190000)
 End Bits:   [0x0000000015190000, 0x0000000017190000)

Polling page: 0x0000000000f60000

CodeCache: size=245760Kb used=30813Kb max_used=30813Kb free=214946Kb
 bounds [0x0000000002f10000, 0x0000000004d60000, 0x0000000011f10000]
 total_blobs=10493 nmethods=9658 adapters=746
 compilation: enabled

Compilation events (10 events):
Event: 34.757 Thread 0x0000000019db3800 nmethod 11790% 0x0000000004d443d0 code [0x0000000004d447e0, 0x0000000004d46878]
Event: 34.757 Thread 0x0000000019db3800 11796 %     3       com.android.tools.r8.u.b.M0::a @ 197 (345 bytes)
Event: 34.762 Thread 0x0000000019db3800 nmethod 11796% 0x0000000004d47610 code [0x0000000004d47a60, 0x0000000004d4a0b8]
Event: 34.762 Thread 0x0000000019db3800 11770       2       com.android.tools.r8.u.c.J::a (1423 bytes)
Event: 34.794 Thread 0x0000000019db3800 nmethod 11770 0x0000000004d4b0d0 code [0x0000000004d4bae0, 0x0000000004d502c8]
Event: 34.794 Thread 0x0000000019db3800 11807       2       com.android.tools.r8.u.b.i1::a (82 bytes)
Event: 34.796 Thread 0x0000000019db3800 nmethod 11807 0x0000000004af7c10 code [0x0000000004af7e20, 0x0000000004af8398]
Event: 34.796 Thread 0x0000000019db3800 11806       2       com.android.tools.r8.u.b.g1::V (8 bytes)
Event: 34.796 Thread 0x0000000019db3800 nmethod 11806 0x00000000044595d0 code [0x0000000004459740, 0x00000000044598a8]
Event: 34.796 Thread 0x0000000019db3800 11825 %     3       com.android.tools.r8.ir.regalloc.LinearScanRegisterAllocator::a @ 1570 (3993 bytes)

GC Heap History (10 events):
Event: 22.899 GC heap before
{Heap before GC invocations=15 (full 3):
 PSYoungGen      total 217088K, used 2880K [0x00000000d5580000, 0x00000000e5a00000, 0x0000000100000000)
  eden space 196608K, 0% used [0x00000000d5580000,0x00000000d5580000,0x00000000e1580000)
  from space 20480K, 14% used [0x00000000e2980000,0x00000000e2c502b0,0x00000000e3d80000)
  to   space 20480K, 0% used [0x00000000e1580000,0x00000000e1580000,0x00000000e2980000)
 ParOldGen       total 82432K, used 39014K [0x0000000080000000, 0x0000000085080000, 0x00000000d5580000)
  object space 82432K, 47% used [0x0000000080000000,0x0000000082619af0,0x0000000085080000)
 Metaspace       used 57275K, capacity 58974K, committed 59096K, reserved 1099776K
  class space    used 7850K, capacity 8251K, committed 8320K, reserved 1048576K
Event: 23.429 GC heap after
Heap after GC invocations=15 (full 3):
 PSYoungGen      total 217088K, used 0K [0x00000000d5580000, 0x00000000e5a00000, 0x0000000100000000)
  eden space 196608K, 0% used [0x00000000d5580000,0x00000000d5580000,0x00000000e1580000)
  from space 20480K, 0% used [0x00000000e2980000,0x00000000e2980000,0x00000000e3d80000)
  to   space 20480K, 0% used [0x00000000e1580000,0x00000000e1580000,0x00000000e2980000)
 ParOldGen       total 128512K, used 33878K [0x0000000080000000, 0x0000000087d80000, 0x00000000d5580000)
  object space 128512K, 26% used [0x0000000080000000,0x0000000082115a28,0x0000000087d80000)
 Metaspace       used 57275K, capacity 58974K, committed 59096K, reserved 1099776K
  class space    used 7850K, capacity 8251K, committed 8320K, reserved 1048576K
}
Event: 26.881 GC heap before
{Heap before GC invocations=16 (full 3):
 PSYoungGen      total 217088K, used 196608K [0x00000000d5580000, 0x00000000e5a00000, 0x0000000100000000)
  eden space 196608K, 100% used [0x00000000d5580000,0x00000000e1580000,0x00000000e1580000)
  from space 20480K, 0% used [0x00000000e2980000,0x00000000e2980000,0x00000000e3d80000)
  to   space 20480K, 0% used [0x00000000e1580000,0x00000000e1580000,0x00000000e2980000)
 ParOldGen       total 128512K, used 33878K [0x0000000080000000, 0x0000000087d80000, 0x00000000d5580000)
  object space 128512K, 26% used [0x0000000080000000,0x0000000082115a28,0x0000000087d80000)
 Metaspace       used 62161K, capacity 64852K, committed 64896K, reserved 1105920K
  class space    used 8519K, capacity 9056K, committed 9088K, reserved 1048576K
Event: 26.911 GC heap after
Heap after GC invocations=16 (full 3):
 PSYoungGen      total 217088K, used 18702K [0x00000000d5580000, 0x00000000e6700000, 0x0000000100000000)
  eden space 196608K, 0% used [0x00000000d5580000,0x00000000d5580000,0x00000000e1580000)
  from space 20480K, 91% used [0x00000000e1580000,0x00000000e27c3a28,0x00000000e2980000)
  to   space 23040K, 0% used [0x00000000e5080000,0x00000000e5080000,0x00000000e6700000)
 ParOldGen       total 128512K, used 33886K [0x0000000080000000, 0x0000000087d80000, 0x00000000d5580000)
  object space 128512K, 26% used [0x0000000080000000,0x0000000082117a28,0x0000000087d80000)
 Metaspace       used 62161K, capacity 64852K, committed 64896K, reserved 1105920K
  class space    used 8519K, capacity 9056K, committed 9088K, reserved 1048576K
}
Event: 29.953 GC heap before
{Heap before GC invocations=17 (full 3):
 PSYoungGen      total 217088K, used 215310K [0x00000000d5580000, 0x00000000e6700000, 0x0000000100000000)
  eden space 196608K, 100% used [0x00000000d5580000,0x00000000e1580000,0x00000000e1580000)
  from space 20480K, 91% used [0x00000000e1580000,0x00000000e27c3a28,0x00000000e2980000)
  to   space 23040K, 0% used [0x00000000e5080000,0x00000000e5080000,0x00000000e6700000)
 ParOldGen       total 128512K, used 33886K [0x0000000080000000, 0x0000000087d80000, 0x00000000d5580000)
  object space 128512K, 26% used [0x0000000080000000,0x0000000082117a28,0x0000000087d80000)
 Metaspace       used 67226K, capacity 70052K, committed 70272K, reserved 1110016K
  class space    used 9200K, capacity 9772K, committed 9856K, reserved 1048576K
Event: 30.009 GC heap after
Heap after GC invocations=17 (full 3):
 PSYoungGen      total 250368K, used 23037K [0x00000000d5580000, 0x00000000e7480000, 0x0000000100000000)
  eden space 227328K, 0% used [0x00000000d5580000,0x00000000d5580000,0x00000000e3380000)
  from space 23040K, 99% used [0x00000000e5080000,0x00000000e66ff520,0x00000000e6700000)
  to   space 29696K, 0% used [0x00000000e3380000,0x00000000e3380000,0x00000000e5080000)
 ParOldGen       total 128512K, used 42453K [0x0000000080000000, 0x0000000087d80000, 0x00000000d5580000)
  object space 128512K, 33% used [0x0000000080000000,0x0000000082975528,0x0000000087d80000)
 Metaspace       used 67226K, capacity 70052K, committed 70272K, reserved 1110016K
  class space    used 9200K, capacity 9772K, committed 9856K, reserved 1048576K
}
Event: 32.342 GC heap before
{Heap before GC invocations=18 (full 3):
 PSYoungGen      total 250368K, used 250365K [0x00000000d5580000, 0x00000000e7480000, 0x0000000100000000)
  eden space 227328K, 100% used [0x00000000d5580000,0x00000000e3380000,0x00000000e3380000)
  from space 23040K, 99% used [0x00000000e5080000,0x00000000e66ff520,0x00000000e6700000)
  to   space 29696K, 0% used [0x00000000e3380000,0x00000000e3380000,0x00000000e5080000)
 ParOldGen       total 128512K, used 42453K [0x0000000080000000, 0x0000000087d80000, 0x00000000d5580000)
  object space 128512K, 33% used [0x0000000080000000,0x0000000082975528,0x0000000087d80000)
 Metaspace       used 75730K, capacity 79640K, committed 79872K, reserved 1118208K
  class space    used 10457K, capacity 11256K, committed 11264K, reserved 1048576K
Event: 32.453 GC heap after
Heap after GC invocations=18 (full 3):
 PSYoungGen      total 257024K, used 29689K [0x00000000d5580000, 0x00000000ed900000, 0x0000000100000000)
  eden space 227328K, 0% used [0x00000000d5580000,0x00000000d5580000,0x00000000e3380000)
  from space 29696K, 99% used [0x00000000e3380000,0x00000000e507e4e0,0x00000000e5080000)
  to   space 57344K, 0% used [0x00000000ea100000,0x00000000ea100000,0x00000000ed900000)
 ParOldGen       total 128512K, used 104776K [0x0000000080000000, 0x0000000087d80000, 0x00000000d5580000)
  object space 128512K, 81% used [0x0000000080000000,0x0000000086652158,0x0000000087d80000)
 Metaspace       used 75730K, capacity 79640K, committed 79872K, reserved 1118208K
  class space    used 10457K, capacity 11256K, committed 11264K, reserved 1048576K
}
Event: 32.453 GC heap before
{Heap before GC invocations=19 (full 4):
 PSYoungGen      total 257024K, used 29689K [0x00000000d5580000, 0x00000000ed900000, 0x0000000100000000)
  eden space 227328K, 0% used [0x00000000d5580000,0x00000000d5580000,0x00000000e3380000)
  from space 29696K, 99% used [0x00000000e3380000,0x00000000e507e4e0,0x00000000e5080000)
  to   space 57344K, 0% used [0x00000000ea100000,0x00000000ea100000,0x00000000ed900000)
 ParOldGen       total 128512K, used 104776K [0x0000000080000000, 0x0000000087d80000, 0x00000000d5580000)
  object space 128512K, 81% used [0x0000000080000000,0x0000000086652158,0x0000000087d80000)
 Metaspace       used 75730K, capacity 79640K, committed 79872K, reserved 1118208K
  class space    used 10457K, capacity 11256K, committed 11264K, reserved 1048576K
Event: 33.089 GC heap after
Heap after GC invocations=19 (full 4):
 PSYoungGen      total 257024K, used 0K [0x00000000d5580000, 0x00000000ed900000, 0x0000000100000000)
  eden space 227328K, 0% used [0x00000000d5580000,0x00000000d5580000,0x00000000e3380000)
  from space 29696K, 0% used [0x00000000e3380000,0x00000000e3380000,0x00000000e5080000)
  to   space 57344K, 0% used [0x00000000ea100000,0x00000000ea100000,0x00000000ed900000)
 ParOldGen       total 128512K, used 126370K [0x0000000080000000, 0x0000000087d80000, 0x00000000d5580000)
  object space 128512K, 98% used [0x0000000080000000,0x0000000087b68850,0x0000000087d80000)
 Metaspace       used 75099K, capacity 78078K, committed 79872K, reserved 1118208K
  class space    used 10240K, capacity 10867K, committed 11264K, reserved 1048576K
}

Deoptimization events (10 events):
Event: 34.592 Thread 0x000000001ba25800 Uncommon trap: reason=array_check action=maybe_recompile pc=0x0000000004a3d684 method=java.util.TimSort.reverseRange([Ljava/lang/Object;II)V @ 20
Event: 34.680 Thread 0x000000001ba21800 Uncommon trap: reason=unstable_if action=reinterpret pc=0x0000000003b066e8 method=java.util.Arrays.equals([Ljava/lang/Object;[Ljava/lang/Object;)Z @ 47
Event: 34.759 Thread 0x000000001ba26000 Uncommon trap: reason=bimorphic action=maybe_recompile pc=0x0000000004955d60 method=com.android.tools.r8.u.a.h.e.b(Lcom/android/tools/r8/u/b/d0;)V @ 43
Event: 34.759 Thread 0x000000001ba26000 Uncommon trap: reason=bimorphic action=maybe_recompile pc=0x0000000004955d60 method=com.android.tools.r8.u.a.h.e.b(Lcom/android/tools/r8/u/b/d0;)V @ 43
Event: 34.760 Thread 0x000000001ba26000 Uncommon trap: reason=bimorphic action=maybe_recompile pc=0x0000000004955d60 method=com.android.tools.r8.u.a.h.e.b(Lcom/android/tools/r8/u/b/d0;)V @ 43
Event: 34.765 Thread 0x000000001ba26000 Uncommon trap: reason=bimorphic action=maybe_recompile pc=0x00000000045a8df8 method=com.android.tools.r8.u.b.i1.a(Lcom/android/tools/r8/ir/analysis/type/k;)Lcom/android/tools/r8/u/b/i1; @ 12
Event: 34.765 Thread 0x000000001ba26000 Uncommon trap: reason=bimorphic action=maybe_recompile pc=0x00000000045a8df8 method=com.android.tools.r8.u.b.i1.a(Lcom/android/tools/r8/ir/analysis/type/k;)Lcom/android/tools/r8/u/b/i1; @ 12
Event: 34.765 Thread 0x000000001ba26000 Uncommon trap: reason=bimorphic action=maybe_recompile pc=0x00000000045a8df8 method=com.android.tools.r8.u.b.i1.a(Lcom/android/tools/r8/ir/analysis/type/k;)Lcom/android/tools/r8/u/b/i1; @ 12
Event: 34.765 Thread 0x000000001ba26000 Uncommon trap: reason=bimorphic action=maybe_recompile pc=0x00000000045a8df8 method=com.android.tools.r8.u.b.i1.a(Lcom/android/tools/r8/ir/analysis/type/k;)Lcom/android/tools/r8/u/b/i1; @ 12
Event: 34.766 Thread 0x000000001ba26000 Uncommon trap: reason=bimorphic action=maybe_recompile pc=0x0000000004c566d4 method=com.android.tools.r8.u.b.i1.a(Lcom/android/tools/r8/ir/analysis/type/k;)Lcom/android/tools/r8/u/b/i1; @ 12

Classes redefined (0 events):
No events

Internal exceptions (10 events):
Event: 34.475 Thread 0x000000001ba21800 Exception <a 'sun/nio/fs/WindowsException'> (0x00000000dbf5b148) thrown at [D:\src\AOSP-openjdk-cygwin\jdk8u\hotspot\src\share\vm\prims\jni.cpp, line 710]
Event: 34.485 Thread 0x000000001ba21800 Exception <a 'sun/nio/fs/WindowsException'> (0x00000000dbf631c0) thrown at [D:\src\AOSP-openjdk-cygwin\jdk8u\hotspot\src\share\vm\prims\jni.cpp, line 710]
Event: 34.491 Thread 0x000000001ba21800 Exception <a 'sun/nio/fs/WindowsException'> (0x00000000dd115958) thrown at [D:\src\AOSP-openjdk-cygwin\jdk8u\hotspot\src\share\vm\prims\jni.cpp, line 710]
Event: 34.500 Thread 0x000000001ba21800 Exception <a 'sun/nio/fs/WindowsException'> (0x00000000dd1260d0) thrown at [D:\src\AOSP-openjdk-cygwin\jdk8u\hotspot\src\share\vm\prims\jni.cpp, line 710]
Event: 34.644 Thread 0x000000001ba21800 Exception <a 'sun/nio/fs/WindowsException'> (0x00000000dd12fc68) thrown at [D:\src\AOSP-openjdk-cygwin\jdk8u\hotspot\src\share\vm\prims\jni.cpp, line 710]
Event: 34.683 Thread 0x000000001ba21800 Exception <a 'sun/nio/fs/WindowsException'> (0x00000000dd13c838) thrown at [D:\src\AOSP-openjdk-cygwin\jdk8u\hotspot\src\share\vm\prims\jni.cpp, line 710]
Event: 34.697 Thread 0x000000001ba21800 Exception <a 'sun/nio/fs/WindowsException'> (0x00000000dd144ab8) thrown at [D:\src\AOSP-openjdk-cygwin\jdk8u\hotspot\src\share\vm\prims\jni.cpp, line 710]
Event: 34.704 Thread 0x000000001ba21800 Exception <a 'sun/nio/fs/WindowsException'> (0x00000000def79b30) thrown at [D:\src\AOSP-openjdk-cygwin\jdk8u\hotspot\src\share\vm\prims\jni.cpp, line 710]
Event: 34.712 Thread 0x000000001ba21800 Exception <a 'sun/nio/fs/WindowsException'> (0x00000000def83aa0) thrown at [D:\src\AOSP-openjdk-cygwin\jdk8u\hotspot\src\share\vm\prims\jni.cpp, line 710]
Event: 34.794 Thread 0x000000001ba21800 Exception <a 'sun/nio/fs/WindowsException'> (0x00000000def8d2e0) thrown at [D:\src\AOSP-openjdk-cygwin\jdk8u\hotspot\src\share\vm\prims\jni.cpp, line 710]

Events (10 events):
Event: 34.765 Thread 0x000000001ba26000 Uncommon trap: trap_request=0xffffffc6 fr.pc=0x00000000045a8df8
Event: 34.766 Thread 0x000000001ba26000 DEOPT PACKING pc=0x00000000045a8df8 sp=0x0000000028f2d5a0
Event: 34.766 Thread 0x000000001ba26000 DEOPT UNPACKING pc=0x0000000002f5557b sp=0x0000000028f2d4e8 mode 2
Event: 34.766 Thread 0x000000001ba26000 Uncommon trap: trap_request=0xffffffc6 fr.pc=0x0000000004c566d4
Event: 34.766 Thread 0x000000001ba26000 DEOPT PACKING pc=0x0000000004c566d4 sp=0x0000000028f2d530
Event: 34.766 Thread 0x000000001ba26000 DEOPT UNPACKING pc=0x0000000002f5557b sp=0x0000000028f2d4d8 mode 2
Event: 34.816 loading class com/android/tools/r8/ir/optimize/h0
Event: 34.816 loading class com/android/tools/r8/ir/optimize/h0 done
Event: 34.833 loading class com/android/tools/r8/r/n/F$a
Event: 34.833 loading class com/android/tools/r8/r/n/F$a done


Dynamic libraries:
0x00007ff6c0490000 - 0x00007ff6c04c1000 	C:\Program Files\Android\Android Studio\jre\bin\java.exe
0x00007fff42200000 - 0x00007fff423f0000 	C:\Windows\SYSTEM32\ntdll.dll
0x00007fff40810000 - 0x00007fff408c2000 	C:\Windows\System32\KERNEL32.DLL
0x00007fff3fbb0000 - 0x00007fff3fe54000 	C:\Windows\System32\KERNELBASE.dll
0x00007fff42110000 - 0x00007fff421b3000 	C:\Windows\System32\ADVAPI32.dll
0x00007fff40770000 - 0x00007fff4080e000 	C:\Windows\System32\msvcrt.dll
0x00007fff41b00000 - 0x00007fff41b97000 	C:\Windows\System32\sechost.dll
0x00007fff40570000 - 0x00007fff40690000 	C:\Windows\System32\RPCRT4.dll
0x00007fff402f0000 - 0x00007fff40484000 	C:\Windows\System32\USER32.dll
0x00007fff40090000 - 0x00007fff400b1000 	C:\Windows\System32\win32u.dll
0x00007fff402b0000 - 0x00007fff402d6000 	C:\Windows\System32\GDI32.dll
0x00007fff40110000 - 0x00007fff402a6000 	C:\Windows\System32\gdi32full.dll
0x00007fff3fff0000 - 0x00007fff4008e000 	C:\Windows\System32\msvcp_win.dll
0x00007fff3f2f0000 - 0x00007fff3f3ea000 	C:\Windows\System32\ucrtbase.dll
0x00007fff3e5c0000 - 0x00007fff3e844000 	C:\Windows\WinSxS\amd64_microsoft.windows.common-controls_6595b64144ccf1df_6.0.18362.959_none_e6c7bbbf130c62bb\COMCTL32.dll
0x00007fff40dc0000 - 0x00007fff410f5000 	C:\Windows\System32\combase.dll
0x00007fff3ff70000 - 0x00007fff3fff0000 	C:\Windows\System32\bcryptPrimitives.dll
0x00007fff40490000 - 0x00007fff404be000 	C:\Windows\System32\IMM32.DLL
0x0000000062320000 - 0x00000000623f2000 	C:\Program Files\Android\Android Studio\jre\jre\bin\msvcr100.dll
0x00000000624e0000 - 0x0000000062d26000 	C:\Program Files\Android\Android Studio\jre\jre\bin\server\jvm.dll
0x00007fff402e0000 - 0x00007fff402e8000 	C:\Windows\System32\PSAPI.DLL
0x00007fff3bfa0000 - 0x00007fff3bfc4000 	C:\Windows\SYSTEM32\WINMM.dll
0x00007fff2faa0000 - 0x00007fff2faa9000 	C:\Windows\SYSTEM32\WSOCK32.dll
0x00007fff3a4b0000 - 0x00007fff3a4ba000 	C:\Windows\SYSTEM32\VERSION.dll
0x00007fff41c00000 - 0x00007fff41c6f000 	C:\Windows\System32\WS2_32.dll
0x00007fff3be90000 - 0x00007fff3bebd000 	C:\Windows\SYSTEM32\WINMMBASE.dll
0x00007fff400c0000 - 0x00007fff4010a000 	C:\Windows\System32\cfgmgr32.dll
0x00007fff3eb20000 - 0x00007fff3eb2f000 	C:\Program Files\Android\Android Studio\jre\jre\bin\verify.dll
0x00007fff3d160000 - 0x00007fff3d189000 	C:\Program Files\Android\Android Studio\jre\jre\bin\java.dll
0x00007fff3d140000 - 0x00007fff3d156000 	C:\Program Files\Android\Android Studio\jre\jre\bin\zip.dll
0x00007fff41180000 - 0x00007fff41866000 	C:\Windows\System32\SHELL32.dll
0x00007fff41c70000 - 0x00007fff41d19000 	C:\Windows\System32\shcore.dll
0x00007fff3f3f0000 - 0x00007fff3fb72000 	C:\Windows\System32\windows.storage.dll
0x00007fff3f0e0000 - 0x00007fff3f103000 	C:\Windows\System32\profapi.dll
0x00007fff3f110000 - 0x00007fff3f15a000 	C:\Windows\System32\powrprof.dll
0x00007fff3f0b0000 - 0x00007fff3f0c0000 	C:\Windows\System32\UMPDC.dll
0x00007fff420b0000 - 0x00007fff42102000 	C:\Windows\System32\shlwapi.dll
0x00007fff3f0c0000 - 0x00007fff3f0d1000 	C:\Windows\System32\kernel.appcore.dll
0x00007fff3f2d0000 - 0x00007fff3f2e7000 	C:\Windows\System32\cryptsp.dll
0x00007fff3d120000 - 0x00007fff3d13a000 	C:\Program Files\Android\Android Studio\jre\jre\bin\net.dll
0x00007fff31770000 - 0x00007fff31946000 	C:\Windows\SYSTEM32\urlmon.dll
0x00007fff331f0000 - 0x00007fff33496000 	C:\Windows\SYSTEM32\iertutil.dll
0x00007fff3e410000 - 0x00007fff3e41c000 	C:\Windows\SYSTEM32\CRYPTBASE.DLL
0x00007fff3e240000 - 0x00007fff3e2a7000 	C:\Windows\system32\mswsock.dll
0x00007fff3d100000 - 0x00007fff3d113000 	C:\Program Files\Android\Android Studio\jre\jre\bin\nio.dll
0x00007fff350d0000 - 0x00007fff350f6000 	C:\Users\User\.gradle\native\30\windows-amd64\native-platform.dll
0x00007fff3d0f0000 - 0x00007fff3d0fd000 	C:\Program Files\Android\Android Studio\jre\jre\bin\management.dll
0x00007fff3ddb0000 - 0x00007fff3dde3000 	C:\Windows\system32\rsaenh.dll
0x00007fff3fb80000 - 0x00007fff3fba6000 	C:\Windows\System32\bcrypt.dll
0x00007fff3efa0000 - 0x00007fff3efc5000 	C:\Windows\SYSTEM32\USERENV.dll
0x00007fff3df50000 - 0x00007fff3df8a000 	C:\Windows\SYSTEM32\IPHLPAPI.DLL
0x00007fff41170000 - 0x00007fff41178000 	C:\Windows\System32\NSI.dll
0x00007fff36f10000 - 0x00007fff36f26000 	C:\Windows\SYSTEM32\dhcpcsvc6.DLL
0x00007fff37470000 - 0x00007fff3748c000 	C:\Windows\SYSTEM32\dhcpcsvc.DLL
0x00007fff3df90000 - 0x00007fff3e05b000 	C:\Windows\SYSTEM32\DNSAPI.dll

VM Arguments:
jvm_args: -XX:MaxPermSize=512m -XX:+HeapDumpOnOutOfMemoryError -Xmx2048m -Dfile.encoding=UTF-8 -Duser.country=RU -Duser.language=ru -Duser.variant 
java_command: org.gradle.launcher.daemon.bootstrap.GradleDaemon 5.6.4
java_class_path (initial): C:\Users\User\.gradle\wrapper\dists\gradle-5.6.4-all\ankdp27end7byghfw1q2sw75f\gradle-5.6.4\lib\gradle-launcher-5.6.4.jar
Launcher Type: SUN_STANDARD

Environment Variables:
PATH=C:\Python38\Scripts\;C:\Python38\;"C:\Program Files (x86)\mingw-w64\i686-8.1.0-posix-dwarf-rt_v6-rev0\mingw32\bin;";"C:\Program Files (x86)\Common Files\Oracle\Java\javapath;";"C:\Users\User\AppData\Roaming\npm;";"C:\Program Files;C:\Winnt;C:\Winnt\System32; C:\Users\Amar\AppData\Roaming\npm;";"C:\Program Files;";"C:\Winnt;";"C:\Users\Amar\AppData\Roaming\npm;";"C:\Winnt\System32;";C:\Program Files\nodejs\;C:\ProgramData\chocolatey\bin;C:\Windows\System32;C:\Users\User\AppData\Local\Microsoft\WindowsApps;C:\Program Files\JetBrains\CLion 2019.2.5\bin;C:\Users\User\AppData\Local\Programs\MiKTeX 2.9\miktex\bin\x64\;C:\Users\User\AppData\Local\GitHubDesktop\bin;C:\Program Files (x86)\mingw-w64\i686-8.1.0-posix-dwarf-rt_v6-rev0\mingw32\bin;C:\Users\User\AppData\Roaming\npm;C:\Windows\System32;;C:\Users\User\AppData\Local\Programs\Microsoft VS Code\bin
USERNAME=User
OS=Windows_NT
PROCESSOR_IDENTIFIER=Intel64 Family 6 Model 42 Stepping 7, GenuineIntel



---------------  S Y S T E M  ---------------

OS: Windows 10.0 , 64 bit Build 18362 (10.0.18362.959)

CPU:total 8 (initial active 8) (4 cores per cpu, 2 threads per core) family 6 model 42 stepping 7, cmov, cx8, fxsr, mmx, sse, sse2, sse3, ssse3, sse4.1, sse4.2, popcnt, avx, aes, clmul, ht, tsc, tscinvbit

Memory: 4k page, physical 8335212k(604064k free), swap 10432364k(4080k free)

vm_info: OpenJDK 64-Bit Server VM (25.212-b04) for windows-amd64 JRE (1.8.0_212-release-1586-b04), built by "builder" with MS VC++ 10.0 (VS2010)

time: Sun Aug 02 23:53:08 2020
timezone: RTZ 2 (зима)
elapsed time: 34 seconds (0d 0h 0m 34s)

